<?xml version="1.0" encoding="UTF-8"?>
<testng-results skipped="0" failed="0" total="1" passed="1">
  <reporter-output>
  </reporter-output>
  <suite name="Default suite" duration-ms="18574" started-at="2023-03-10T10:38:34Z" finished-at="2023-03-10T10:38:53Z">
    <groups>
    </groups>
    <test name="Default test" duration-ms="18574" started-at="2023-03-10T10:38:34Z" finished-at="2023-03-10T10:38:53Z">
      <class name="maven.Framework.End2EndPOM">
        <test-method status="PASS" signature="launchApplication()[pri:0, instance:maven.Framework.End2EndPOM@380fb434]" name="launchApplication" is-config="true" duration-ms="9194" started-at="2023-03-10T16:08:34Z" finished-at="2023-03-10T16:08:44Z">
          <reporter-output>
          </reporter-output>
        </test-method> <!-- launchApplication -->
        <test-method status="PASS" signature="submitOrder()[pri:0, instance:maven.Framework.End2EndPOM@380fb434]" name="submitOrder" duration-ms="9106" started-at="2023-03-10T16:08:44Z" finished-at="2023-03-10T16:08:53Z">
          <reporter-output>
          </reporter-output>
        </test-method> <!-- submitOrder -->
        <test-method status="PASS" signature="closeBrowser()[pri:0, instance:maven.Framework.End2EndPOM@380fb434]" name="closeBrowser" is-config="true" duration-ms="248" started-at="2023-03-10T16:08:53Z" finished-at="2023-03-10T16:08:53Z">
          <reporter-output>
          </reporter-output>
        </test-method> <!-- closeBrowser -->
      </class> <!-- maven.Framework.End2EndPOM -->
    </test> <!-- Default test -->
  </suite> <!-- Default suite -->
</testng-results>
